0 info it worked if it ends with ok
1 verbose cli [
1 verbose cli   'E:\\node\\node.exe',
1 verbose cli   'E:\\node\\node_modules\\npm\\bin\\npm-cli.js',
1 verbose cli   'install',
1 verbose cli   'vue-cli-service'
1 verbose cli ]
2 info using npm@6.12.0
3 info using node@v12.13.0
4 verbose npm-session 39244ef1441544f5
5 silly install loadCurrentTree
6 silly install readLocalPackageData
7 http fetch GET 404 https://registry.npmjs.org/vue-cli-service 1686ms
8 http fetch GET 404 https://registry.npmjs.org/vue-cli-service 492ms
9 silly fetchPackageMetaData error for vue-cli-service@latest 404 Not Found - GET https://registry.npmjs.org/vue-cli-service - Not found
10 timing stage:rollbackFailedOptional Completed in 2ms
11 timing stage:runTopLevelLifecycles Completed in 4820ms
12 verbose stack Error: 404 Not Found - GET https://registry.npmjs.org/vue-cli-service - Not found
12 verbose stack     at E:\node\node_modules\npm\node_modules\npm-registry-fetch\check-response.js:104:15
12 verbose stack     at processTicksAndRejections (internal/process/task_queues.js:93:5)
13 verbose statusCode 404
14 verbose pkgid vue-cli-service@latest
15 verbose cwd E:\WindRainerAirPlaneSystem
16 verbose Windows_NT 6.1.7601
17 verbose argv "E:\\node\\node.exe" "E:\\node\\node_modules\\npm\\bin\\npm-cli.js" "install" "vue-cli-service"
18 verbose node v12.13.0
19 verbose npm  v6.12.0
20 error code E404
21 error 404 Not Found - GET https://registry.npmjs.org/vue-cli-service - Not found
22 error 404
23 error 404 'vue-cli-service@latest' is not in the npm registry.
24 error 404 You should bug the author to publish it (or use the name yourself!)
25 error 404 Note that you can also install from a
26 error 404 tarball, folder, http url, or git url.
27 verbose exit [ 1, true ]
