0 info it worked if it ends with ok
1 verbose cli [
1 verbose cli   'E:\\node\\node.exe',
1 verbose cli   'E:\\node\\node_modules\\npm\\bin\\npm-cli.js',
1 verbose cli   'run',
1 verbose cli   'dev'
1 verbose cli ]
2 info using npm@6.12.0
3 info using node@v12.13.0
4 verbose run-script [ 'predev', 'dev', 'postdev' ]
5 info lifecycle WindRainerAirplaneSystem@4.2.1~predev: WindRainerAirplaneSystem@4.2.1
6 info lifecycle WindRainerAirplaneSystem@4.2.1~dev: WindRainerAirplaneSystem@4.2.1
7 verbose lifecycle WindRainerAirplaneSystem@4.2.1~dev: unsafe-perm in lifecycle true
8 verbose lifecycle WindRainerAirplaneSystem@4.2.1~dev: PATH: E:\node\node_modules\npm\node_modules\npm-lifecycle\node-gyp-bin;E:\WindRainerAirPlaneSystem\node_modules\.bin;F:\app\Administrator\product\11.2.0\dbhome_1\bin;F:;D:\Program Files\Java\jdk1.8.0_191\bin;D:\Program Files\Java\jdk1.8.0_191\jre\bin;C:\Program Files (x86)\Common Files\Oracle\Java\javapath;F:\oracle\product\11.2.0\dbhome_1\bin;C:\Windows\system32;C:\Windows;C:\Windows\System32\Wbem;C:\Windows\System32\WindowsPowerShell\v1.0\;D:\Program Files (x86)\MySQL\MySQL Server 5.5\bin;%CATALINA_HOME%\lib\servlet-api.jar;D:\Program Files\Java\apache-maven-3.6.0;D:\Program Files\TortoiseSVN\bin;C:\Program Files\dotnet\;E:\node\;E:\Git\安装\Git\cmd;E:\Git\安装\Git\mingw64\bin;E:\Git\安装\Git\usr\bin;D:\Program Files\Java\apache-maven-3.6.0\bin;E:\node\node_global;E:\Users\Administrator\AppData\Local\Programs\Microsoft VS Code\bin;C:\Users\Administrator\AppData\Roaming\npm
9 verbose lifecycle WindRainerAirplaneSystem@4.2.1~dev: CWD: E:\WindRainerAirPlaneSystem
10 silly lifecycle WindRainerAirplaneSystem@4.2.1~dev: Args: [ '/d /s /c', 'vue-cli-service serve' ]
11 silly lifecycle WindRainerAirplaneSystem@4.2.1~dev: Returned: code: 1  signal: null
12 info lifecycle WindRainerAirplaneSystem@4.2.1~dev: Failed to exec dev script
13 verbose stack Error: WindRainerAirplaneSystem@4.2.1 dev: `vue-cli-service serve`
13 verbose stack Exit status 1
13 verbose stack     at EventEmitter.<anonymous> (E:\node\node_modules\npm\node_modules\npm-lifecycle\index.js:332:16)
13 verbose stack     at EventEmitter.emit (events.js:210:5)
13 verbose stack     at ChildProcess.<anonymous> (E:\node\node_modules\npm\node_modules\npm-lifecycle\lib\spawn.js:55:14)
13 verbose stack     at ChildProcess.emit (events.js:210:5)
13 verbose stack     at maybeClose (internal/child_process.js:1021:16)
13 verbose stack     at Process.ChildProcess._handle.onexit (internal/child_process.js:283:5)
14 verbose pkgid WindRainerAirplaneSystem@4.2.1
15 verbose cwd E:\WindRainerAirPlaneSystem
16 verbose Windows_NT 6.1.7601
17 verbose argv "E:\\node\\node.exe" "E:\\node\\node_modules\\npm\\bin\\npm-cli.js" "run" "dev"
18 verbose node v12.13.0
19 verbose npm  v6.12.0
20 error code ELIFECYCLE
21 error errno 1
22 error WindRainerAirplaneSystem@4.2.1 dev: `vue-cli-service serve`
22 error Exit status 1
23 error Failed at the WindRainerAirplaneSystem@4.2.1 dev script.
23 error This is probably not a problem with npm. There is likely additional logging output above.
24 verbose exit [ 1, true ]
